Change Component Designator: Old Designator=C? New Designator=C131
Change Component Designator: Old Designator=C? New Designator=C132
Change Component Designator: Old Designator=C? New Designator=C133
Change Component Designator: Old Designator=C? New Designator=C134
Change Component Designator: Old Designator=C? New Designator=C135
Change Component Designator: Old Designator=C? New Designator=C136
Change Component Designator: Old Designator=C? New Designator=C137
Change Component Designator: Old Designator=C? New Designator=C138
Change Component Designator: Old Designator=C? New Designator=C139
Change Component Designator: Old Designator=C? New Designator=C140
Change Component Designator: Old Designator=C? New Designator=C141
Change Component Designator: Old Designator=C? New Designator=C142
Change Component Designator: Old Designator=C? New Designator=C143
Change Component Designator: Old Designator=C? New Designator=C144
Change Component Designator: Old Designator=C? New Designator=C145
Change Component Designator: Old Designator=C? New Designator=C146
Change Component Designator: Old Designator=C? New Designator=C147
Change Component Designator: Old Designator=C? New Designator=C148
Change Component Designator: Old Designator=C? New Designator=C149
Change Component Designator: Old Designator=C? New Designator=C150
Change Component Designator: Old Designator=C? New Designator=C151
Change Component Designator: Old Designator=C? New Designator=C152
Change Component Designator: Old Designator=C? New Designator=C153
Change Component Designator: Old Designator=C? New Designator=C154
Change Component Designator: Old Designator=C? New Designator=C155
Change Component Designator: Old Designator=C? New Designator=C156
Change Component Designator: Old Designator=C? New Designator=C157
Change Component Designator: Old Designator=C? New Designator=C158
Change Component Designator: Old Designator=C? New Designator=C159
Change Component Designator: Old Designator=C? New Designator=C160
Change Component Designator: Old Designator=C? New Designator=C161
Change Component Designator: Old Designator=C? New Designator=C162
Change Component Designator: Old Designator=C? New Designator=C163
Change Component Designator: Old Designator=C? New Designator=C164
Change Component Designator: Old Designator=C? New Designator=C165
Change Component Designator: Old Designator=C? New Designator=C166
Change Component Designator: Old Designator=C? New Designator=C167
Change Component Designator: Old Designator=C? New Designator=C168
Change Component Designator: Old Designator=C? New Designator=C169
Change Component Designator: Old Designator=C? New Designator=C170
Change Component Designator: Old Designator=C? New Designator=C171
Change Component Designator: Old Designator=D? New Designator=D12
Change Component Designator: Old Designator=D? New Designator=D13
Change Component Designator: Old Designator=D? New Designator=D14
Change Component Designator: Old Designator=D? New Designator=D15
Change Component Designator: Old Designator=D? New Designator=D16
Change Component Designator: Old Designator=D? New Designator=D17
Change Component Designator: Old Designator=D? New Designator=D18
Change Component Designator: Old Designator=JP? New Designator=JP3
Change Component Designator: Old Designator=JP? New Designator=JP4
Change Component Designator: Old Designator=JP? New Designator=JP5
Change Component Designator: Old Designator=JP? New Designator=JP6
Change Component Designator: Old Designator=JP? New Designator=JP7
Change Component Designator: Old Designator=JP? New Designator=JP8
Change Component Designator: Old Designator=JP? New Designator=JP9
Change Component Designator: Old Designator=JP? New Designator=JP10
Change Component Designator: Old Designator=JP? New Designator=JP11
Change Component Designator: Old Designator=R? New Designator=R152
Change Component Designator: Old Designator=R? New Designator=R153
Change Component Designator: Old Designator=R? New Designator=R154
Change Component Designator: Old Designator=R? New Designator=R155
Change Component Designator: Old Designator=R? New Designator=R156
Change Component Designator: Old Designator=R? New Designator=R157
Change Component Designator: Old Designator=R? New Designator=R158
Change Component Designator: Old Designator=R? New Designator=R159
Change Component Designator: Old Designator=R? New Designator=R160
Change Component Designator: Old Designator=R? New Designator=R161
Change Component Designator: Old Designator=R? New Designator=R162
Change Component Designator: Old Designator=R? New Designator=R163
Change Component Designator: Old Designator=R? New Designator=R164
Change Component Designator: Old Designator=R? New Designator=R165
Change Component Designator: Old Designator=R? New Designator=R166
Change Component Designator: Old Designator=R? New Designator=R167
Change Component Designator: Old Designator=R? New Designator=R168
Change Component Designator: Old Designator=R? New Designator=R169
Change Component Designator: Old Designator=R? New Designator=R170
Change Component Designator: Old Designator=R? New Designator=R171
Change Component Designator: Old Designator=R? New Designator=R172
Change Component Designator: Old Designator=R? New Designator=R173
Change Component Designator: Old Designator=R? New Designator=R174
Change Component Designator: Old Designator=R? New Designator=R175
Change Component Designator: Old Designator=R? New Designator=R176
Change Component Designator: Old Designator=R? New Designator=R177
Change Component Designator: Old Designator=R? New Designator=R178
Change Component Designator: Old Designator=R? New Designator=R179
Change Component Designator: Old Designator=R? New Designator=R180
Change Component Designator: Old Designator=R? New Designator=R181
Change Component Designator: Old Designator=R? New Designator=R182
Change Component Designator: Old Designator=R? New Designator=R183
Change Component Designator: Old Designator=R? New Designator=R184
Change Component Designator: Old Designator=R? New Designator=R185
Change Component Designator: Old Designator=R? New Designator=R186
Change Component Designator: Old Designator=R? New Designator=R187
Change Component Designator: Old Designator=R? New Designator=R188
Change Component Designator: Old Designator=R? New Designator=R189
Change Component Designator: Old Designator=R? New Designator=R190
Change Component Designator: Old Designator=R? New Designator=R191
Change Component Designator: Old Designator=R? New Designator=R192
Change Component Designator: Old Designator=R? New Designator=R193
Change Component Designator: Old Designator=R? New Designator=R194
Change Component Designator: Old Designator=R? New Designator=R195
Change Component Designator: Old Designator=R? New Designator=R196
Change Component Designator: Old Designator=R? New Designator=R197
Change Component Designator: Old Designator=R? New Designator=R198
Change Component Designator: Old Designator=R? New Designator=R199
Change Component Designator: Old Designator=R? New Designator=R200
Change Component Designator: Old Designator=R? New Designator=R201
Change Component Designator: Old Designator=R? New Designator=R202
Change Component Designator: Old Designator=R? New Designator=R203
Change Component Designator: Old Designator=R? New Designator=R204
Change Component Designator: Old Designator=R? New Designator=R205
Change Component Designator: Old Designator=TP? New Designator=TP3
Change Component Designator: Old Designator=TP? New Designator=TP4
Change Component Designator: Old Designator=U? New Designator=U22
Change Component Designator: Old Designator=U? New Designator=U23
Change Component Designator: Old Designator=U? New Designator=U24
Change Component Designator: Old Designator=U? New Designator=U25
Change Component Designator: Old Designator=U? New Designator=U26
Change Component Designator: Old Designator=U? New Designator=U27
Change Component Designator: Old Designator=U? New Designator=U28
Change Component Designator: Old Designator=VR? New Designator=VR2
Change Component Designator: Old Designator=VR? New Designator=VR3
