Change Component Designator: Old Designator=C284 New Designator=C?
Change Component Designator: Old Designator=C285 New Designator=C?
Change Component Designator: Old Designator=C286 New Designator=C?
Change Component Designator: Old Designator=C287 New Designator=C?
Change Component Designator: Old Designator=C288 New Designator=C?
Change Component Designator: Old Designator=C289 New Designator=C?
Change Component Designator: Old Designator=C290 New Designator=C?
Change Component Designator: Old Designator=C291 New Designator=C?
Change Component Designator: Old Designator=C292 New Designator=C?
Change Component Designator: Old Designator=C293 New Designator=C?
Change Component Designator: Old Designator=D30 New Designator=D?
Change Component Designator: Old Designator=D31 New Designator=D?
Change Component Designator: Old Designator=JP8 New Designator=JP?
Change Component Designator: Old Designator=JP9 New Designator=JP?
Change Component Designator: Old Designator=R324 New Designator=R?
Change Component Designator: Old Designator=R325 New Designator=R?
Change Component Designator: Old Designator=R326 New Designator=R?
Change Component Designator: Old Designator=R327 New Designator=R?
Change Component Designator: Old Designator=R328 New Designator=R?
Change Component Designator: Old Designator=R329 New Designator=R?
Change Component Designator: Old Designator=R330 New Designator=R?
Change Component Designator: Old Designator=R331 New Designator=R?
Change Component Designator: Old Designator=R332 New Designator=R?
Change Component Designator: Old Designator=R333 New Designator=R?
Change Component Designator: Old Designator=R334 New Designator=R?
Change Component Designator: Old Designator=R335 New Designator=R?
Change Component Designator: Old Designator=R336 New Designator=R?
Change Component Designator: Old Designator=R337 New Designator=R?
Change Component Designator: Old Designator=R338 New Designator=R?
Change Component Designator: Old Designator=R339 New Designator=R?
Change Component Designator: Old Designator=U48 New Designator=U?
Change Component Designator: Old Designator=U50 New Designator=U?
