Change Component Designator: Old Designator=C192 New Designator=C?
Change Component Designator: Old Designator=C193 New Designator=C?
Change Component Designator: Old Designator=C194 New Designator=C?
Change Component Designator: Old Designator=C195 New Designator=C?
Change Component Designator: Old Designator=D25 New Designator=D?
Change Component Designator: Old Designator=J18 New Designator=J?
Change Component Designator: Old Designator=J21 New Designator=J?
Change Component Designator: Old Designator=JP10 New Designator=JP?
Change Component Designator: Old Designator=R225 New Designator=R?
Change Component Designator: Old Designator=R232 New Designator=R?
Change Component Designator: Old Designator=R233 New Designator=R?
Change Component Designator: Old Designator=R234 New Designator=R?
Change Component Designator: Old Designator=R235 New Designator=R?
Change Component Designator: Old Designator=R236 New Designator=R?
Change Component Designator: Old Designator=R237 New Designator=R?
Change Component Designator: Old Designator=R241 New Designator=R?
Change Component Designator: Old Designator=R242 New Designator=R?
Change Component Designator: Old Designator=R243 New Designator=R?
Change Component Designator: Old Designator=R245 New Designator=R?
Change Component Designator: Old Designator=R247 New Designator=R?
Change Component Designator: Old Designator=R248 New Designator=R?
Change Component Designator: Old Designator=R249 New Designator=R?
Change Component Designator: Old Designator=R250 New Designator=R?
Change Component Designator: Old Designator=U32 New Designator=U?
Change Component Designator: Old Designator=U33 New Designator=U?
