Change Component Designator: Old Designator=C? New Designator=C113
Change Component Designator: Old Designator=C? New Designator=C114
Change Component Designator: Old Designator=C? New Designator=C115
Change Component Designator: Old Designator=C? New Designator=C116
Change Component Designator: Old Designator=D? New Designator=D11
Change Component Designator: Old Designator=J? New Designator=J14
Change Component Designator: Old Designator=J? New Designator=J15
Change Component Designator: Old Designator=JP? New Designator=JP2
Change Component Designator: Old Designator=R? New Designator=R118
Change Component Designator: Old Designator=R? New Designator=R119
Change Component Designator: Old Designator=R? New Designator=R120
Change Component Designator: Old Designator=R? New Designator=R121
Change Component Designator: Old Designator=R? New Designator=R122
Change Component Designator: Old Designator=R? New Designator=R123
Change Component Designator: Old Designator=R? New Designator=R124
Change Component Designator: Old Designator=R? New Designator=R125
Change Component Designator: Old Designator=R? New Designator=R126
Change Component Designator: Old Designator=R? New Designator=R127
Change Component Designator: Old Designator=R? New Designator=R128
Change Component Designator: Old Designator=R? New Designator=R129
Change Component Designator: Old Designator=R? New Designator=R130
Change Component Designator: Old Designator=R? New Designator=R131
Change Component Designator: Old Designator=R? New Designator=R132
Change Component Designator: Old Designator=U? New Designator=U19
Change Component Designator: Old Designator=U? New Designator=U20
