Change Component Designator: Old Designator=C37 New Designator=C39
Change Component Designator: Old Designator=C38 New Designator=C40
Change Component Designator: Old Designator=C39 New Designator=C41
Change Component Designator: Old Designator=C40 New Designator=C42
Change Component Designator: Old Designator=C41 New Designator=C43
Change Component Designator: Old Designator=C42 New Designator=C44
Change Component Designator: Old Designator=C43 New Designator=C45
Change Component Designator: Old Designator=C44 New Designator=C46
Change Component Designator: Old Designator=C45 New Designator=C47
Change Component Designator: Old Designator=C46 New Designator=C48
Change Component Designator: Old Designator=C47 New Designator=C49
Change Component Designator: Old Designator=C48 New Designator=C50
Change Component Designator: Old Designator=C49 New Designator=C51
Change Component Designator: Old Designator=C50 New Designator=C52
Change Component Designator: Old Designator=C51 New Designator=C53
Change Component Designator: Old Designator=C52 New Designator=C54
Change Component Designator: Old Designator=C53 New Designator=C55
Change Component Designator: Old Designator=C54 New Designator=C56
Change Component Designator: Old Designator=C55 New Designator=C57
Change Component Designator: Old Designator=C56 New Designator=C58
Change Component Designator: Old Designator=C57 New Designator=C59
Change Component Designator: Old Designator=C58 New Designator=C60
Change Component Designator: Old Designator=C59 New Designator=C61
Change Component Designator: Old Designator=C60 New Designator=C62
Change Component Designator: Old Designator=C61 New Designator=C63
Change Component Designator: Old Designator=C62 New Designator=C64
Change Component Designator: Old Designator=C63 New Designator=C65
Change Component Designator: Old Designator=C64 New Designator=C66
Change Component Designator: Old Designator=C65 New Designator=C67
Change Component Designator: Old Designator=C66 New Designator=C68
Change Component Designator: Old Designator=C67 New Designator=C69
Change Component Designator: Old Designator=C68 New Designator=C70
Change Component Designator: Old Designator=C69 New Designator=C71
Change Component Designator: Old Designator=C70 New Designator=C72
Change Component Designator: Old Designator=C71 New Designator=C73
Change Component Designator: Old Designator=C72 New Designator=C74
Change Component Designator: Old Designator=C73 New Designator=C75
Change Component Designator: Old Designator=C74 New Designator=C76
Change Component Designator: Old Designator=C75 New Designator=C77
Change Component Designator: Old Designator=C76 New Designator=C78
Change Component Designator: Old Designator=C77 New Designator=C79
Change Component Designator: Old Designator=C78 New Designator=C80
Change Component Designator: Old Designator=C79 New Designator=C81
Change Component Designator: Old Designator=C80 New Designator=C82
Change Component Designator: Old Designator=C? New Designator=C83
Change Component Designator: Old Designator=R32 New Designator=R97
Change Component Designator: Old Designator=R33 New Designator=R98
Change Component Designator: Old Designator=R34 New Designator=R99
Change Component Designator: Old Designator=R35 New Designator=R100
Change Component Designator: Old Designator=R36 New Designator=R101
Change Component Designator: Old Designator=R37 New Designator=R102
Change Component Designator: Old Designator=R38 New Designator=R103
Change Component Designator: Old Designator=R39 New Designator=R104
Change Component Designator: Old Designator=R40 New Designator=R105
Change Component Designator: Old Designator=R41 New Designator=R106
Change Component Designator: Old Designator=R42 New Designator=R107
Change Component Designator: Old Designator=R43 New Designator=R108
Change Component Designator: Old Designator=R44 New Designator=R109
Change Component Designator: Old Designator=R45 New Designator=R110
Change Component Designator: Old Designator=R46 New Designator=R111
Change Component Designator: Old Designator=R47 New Designator=R112
Change Component Designator: Old Designator=R48 New Designator=R113
Change Component Designator: Old Designator=R49 New Designator=R114
Change Component Designator: Old Designator=R50 New Designator=R115
Change Component Designator: Old Designator=R51 New Designator=R116
Change Component Designator: Old Designator=R? New Designator=R117
Change Component Designator: Old Designator=R? New Designator=R118
Change Component Designator: Old Designator=R? New Designator=R119
Change Component Designator: Old Designator=R? New Designator=R120
Change Component Designator: Old Designator=R? New Designator=R121
Change Component Designator: Old Designator=R? New Designator=R122
Change Component Designator: Old Designator=R? New Designator=R123
Change Component Designator: Old Designator=R? New Designator=R124
Change Component Designator: Old Designator=U? New Designator=U9
