Add Component: Footprint Not Found AP6-00118
Add Component: Footprint Not Found QFN40P400X400X80-29N
Add Component: Footprint Not Found SOM-38MMX30MM
Add Component: Footprint Not Found SOIC_PRQ1_TEX
Add Component: Footprint Not Found SOIC8_150MIL_N_ISI
Add Component: Footprint Not Found AP7-00044
Add Component: Footprint Not Found AP7-00039
Add Pin To Net: Unknown Pin: Pin J19-1
Add Pin To Net: Unknown Pin: Pin J19-2
Add Pin To Net: Unknown Pin: Pin J19-3
Add Pin To Net: Unknown Pin: Pin J19-4
Add Pin To Net: Unknown Pin: Pin J19-5
Add Pin To Net: Unknown Pin: Pin J19-6
Add Pin To Net: Unknown Pin: Pin J19-7
Add Pin To Net: Unknown Pin: Pin J19-8
Add Pin To Net: Unknown Pin: Pin J19-9
Add Pin To Net: Unknown Pin: Pin J19-10
Add Pin To Net: Unknown Pin: Pin J19-11
Add Pin To Net: Unknown Pin: Pin J19-M1
Add Pin To Net: Unknown Pin: Pin J19-M2
Add Pin To Net: Unknown Pin: Pin U2-1
Add Pin To Net: Unknown Pin: Pin U2-2
Add Pin To Net: Unknown Pin: Pin U2-3
Add Pin To Net: Unknown Pin: Pin U2-4
Add Pin To Net: Unknown Pin: Pin U2-5
Add Pin To Net: Unknown Pin: Pin U2-6
Add Pin To Net: Unknown Pin: Pin U2-7
Add Pin To Net: Unknown Pin: Pin U2-8
Add Pin To Net: Unknown Pin: Pin U2-9
Add Pin To Net: Unknown Pin: Pin U2-10
Add Pin To Net: Unknown Pin: Pin U2-11
Add Pin To Net: Unknown Pin: Pin U2-12
Add Pin To Net: Unknown Pin: Pin U2-13
Add Pin To Net: Unknown Pin: Pin U2-14
Add Pin To Net: Unknown Pin: Pin U2-15
Add Pin To Net: Unknown Pin: Pin U2-16
Add Pin To Net: Unknown Pin: Pin U2-17
Add Pin To Net: Unknown Pin: Pin U2-18
Add Pin To Net: Unknown Pin: Pin U2-19
Add Pin To Net: Unknown Pin: Pin U2-20
Add Pin To Net: Unknown Pin: Pin U2-21
Add Pin To Net: Unknown Pin: Pin U2-22
Add Pin To Net: Unknown Pin: Pin U2-23
Add Pin To Net: Unknown Pin: Pin U2-24
Add Pin To Net: Unknown Pin: Pin U2-25
Add Pin To Net: Unknown Pin: Pin U2-26
Add Pin To Net: Unknown Pin: Pin U2-27
Add Pin To Net: Unknown Pin: Pin U2-28
Add Pin To Net: Unknown Pin: Pin U2-29
Add Pin To Net: Unknown Pin: Pin U2-30
Add Pin To Net: Unknown Pin: Pin U2-31
Add Pin To Net: Unknown Pin: Pin U2-32
Add Pin To Net: Unknown Pin: Pin U2-33
Add Pin To Net: Unknown Pin: Pin U2-34
Add Pin To Net: Unknown Pin: Pin U2-35
Add Pin To Net: Unknown Pin: Pin U2-36
Add Pin To Net: Unknown Pin: Pin U2-37
Add Pin To Net: Unknown Pin: Pin U2-38
Add Pin To Net: Unknown Pin: Pin U2-39
Add Pin To Net: Unknown Pin: Pin U2-40
Add Pin To Net: Unknown Pin: Pin U2-41
Add Pin To Net: Unknown Pin: Pin U2-42
Add Pin To Net: Unknown Pin: Pin U2-43
Add Pin To Net: Unknown Pin: Pin U2-44
Add Pin To Net: Unknown Pin: Pin U2-45
Add Pin To Net: Unknown Pin: Pin U2-46
Add Pin To Net: Unknown Pin: Pin U2-47
Add Pin To Net: Unknown Pin: Pin U2-48
Add Pin To Net: Unknown Pin: Pin U2-49
Add Pin To Net: Unknown Pin: Pin U2-50
Add Pin To Net: Unknown Pin: Pin U2-51
Add Pin To Net: Unknown Pin: Pin U2-52
Add Pin To Net: Unknown Pin: Pin U2-53
Add Pin To Net: Unknown Pin: Pin U2-54
Add Pin To Net: Unknown Pin: Pin U2-55
Add Pin To Net: Unknown Pin: Pin U2-56
Add Pin To Net: Unknown Pin: Pin U2-57
Add Pin To Net: Unknown Pin: Pin U2-58
Add Pin To Net: Unknown Pin: Pin U2-59
Add Pin To Net: Unknown Pin: Pin U2-60
Add Pin To Net: Unknown Pin: Pin U2-61
Add Pin To Net: Unknown Pin: Pin U2-62
Add Pin To Net: Unknown Pin: Pin U2-63
Add Pin To Net: Unknown Pin: Pin U2-64
Add Pin To Net: Unknown Pin: Pin U2-65
Add Pin To Net: Unknown Pin: Pin U2-66
Add Pin To Net: Unknown Pin: Pin U2-68
Add Pin To Net: Unknown Pin: Pin U2-70
Add Pin To Net: Unknown Pin: Pin U2-71
Add Pin To Net: Unknown Pin: Pin U2-72
Add Pin To Net: Unknown Pin: Pin U2-73
Add Pin To Net: Unknown Pin: Pin U2-74
Add Pin To Net: Unknown Pin: Pin U2-75
Add Pin To Net: Unknown Pin: Pin U2-76
Add Pin To Net: Unknown Pin: Pin U2-77
Add Pin To Net: Unknown Pin: Pin U2-78
Add Pin To Net: Unknown Pin: Pin U2-79
Add Pin To Net: Unknown Pin: Pin U2-80
Add Pin To Net: Unknown Pin: Pin U2-81
Add Pin To Net: Unknown Pin: Pin U2-82
Add Pin To Net: Unknown Pin: Pin U2-83
Add Pin To Net: Unknown Pin: Pin U2-84
Add Pin To Net: Unknown Pin: Pin U2-85
Add Pin To Net: Unknown Pin: Pin U2-86
Add Pin To Net: Unknown Pin: Pin U2-87
Add Pin To Net: Unknown Pin: Pin U2-88
Add Pin To Net: Unknown Pin: Pin U2-89
Add Pin To Net: Unknown Pin: Pin U2-90
Add Pin To Net: Unknown Pin: Pin U2-91
Add Pin To Net: Unknown Pin: Pin U2-92
Add Pin To Net: Unknown Pin: Pin U2-93
Add Pin To Net: Unknown Pin: Pin U2-94
Add Pin To Net: Unknown Pin: Pin U2-95
Add Pin To Net: Unknown Pin: Pin U2-96
Add Pin To Net: Unknown Pin: Pin U2-97
Add Pin To Net: Unknown Pin: Pin U2-98
Add Pin To Net: Unknown Pin: Pin U2-99
Add Pin To Net: Unknown Pin: Pin U2-100
Add Pin To Net: Unknown Pin: Pin U2-101
Add Pin To Net: Unknown Pin: Pin U2-102
Add Pin To Net: Unknown Pin: Pin U2-103
Add Pin To Net: Unknown Pin: Pin U2-104
Add Pin To Net: Unknown Pin: Pin U2-105
Add Pin To Net: Unknown Pin: Pin U2-106
Add Pin To Net: Unknown Pin: Pin U2-107
Add Pin To Net: Unknown Pin: Pin U2-108
Add Pin To Net: Unknown Pin: Pin U2-109
Add Pin To Net: Unknown Pin: Pin U2-110
Add Pin To Net: Unknown Pin: Pin U2-111
Add Pin To Net: Unknown Pin: Pin U2-112
Add Pin To Net: Unknown Pin: Pin U2-113
Add Pin To Net: Unknown Pin: Pin U2-114
Add Pin To Net: Unknown Pin: Pin U2-115
Add Pin To Net: Unknown Pin: Pin U2-116
Add Pin To Net: Unknown Pin: Pin U2-117
Add Pin To Net: Unknown Pin: Pin U2-118
Add Pin To Net: Unknown Pin: Pin U2-119
Add Pin To Net: Unknown Pin: Pin U2-120
Add Pin To Net: Unknown Pin: Pin U2-121
Add Pin To Net: Unknown Pin: Pin U2-122
Add Pin To Net: Unknown Pin: Pin U2-123
Add Pin To Net: Unknown Pin: Pin U2-124
Add Pin To Net: Unknown Pin: Pin U2-125
Add Pin To Net: Unknown Pin: Pin U2-126
Add Pin To Net: Unknown Pin: Pin U2-127
Add Pin To Net: Unknown Pin: Pin U2-128
Add Pin To Net: Unknown Pin: Pin U2-129
Add Pin To Net: Unknown Pin: Pin U2-130
Add Pin To Net: Unknown Pin: Pin U2-131
Add Pin To Net: Unknown Pin: Pin U2-132
Add Pin To Net: Unknown Pin: Pin U2-133
Add Pin To Net: Unknown Pin: Pin U2-134
Add Pin To Net: Unknown Pin: Pin U2-135
Add Pin To Net: Unknown Pin: Pin U2-136
Add Pin To Net: Unknown Pin: Pin U2-137
Add Pin To Net: Unknown Pin: Pin U2-138
Add Pin To Net: Unknown Pin: Pin U2-139
Add Pin To Net: Unknown Pin: Pin U2-140
Add Pin To Net: Unknown Pin: Pin U2-141
Add Pin To Net: Unknown Pin: Pin U2-142
Add Pin To Net: Unknown Pin: Pin U2-143
Add Pin To Net: Unknown Pin: Pin U2-144
Add Pin To Net: Unknown Pin: Pin U9-1
Add Pin To Net: Unknown Pin: Pin U9-2
Add Pin To Net: Unknown Pin: Pin U9-3
Add Pin To Net: Unknown Pin: Pin U9-4
Add Pin To Net: Unknown Pin: Pin U9-5
Add Pin To Net: Unknown Pin: Pin U9-6
Add Pin To Net: Unknown Pin: Pin U9-7
Add Pin To Net: Unknown Pin: Pin U9-8
Add Pin To Net: Unknown Pin: Pin U9-9
Add Pin To Net: Unknown Pin: Pin U9-11
Add Pin To Net: Unknown Pin: Pin U9-14
Add Pin To Net: Unknown Pin: Pin U9-15
Add Pin To Net: Unknown Pin: Pin U9-16
Add Pin To Net: Unknown Pin: Pin U9-17
Add Pin To Net: Unknown Pin: Pin U9-18
Add Pin To Net: Unknown Pin: Pin U9-19
Add Pin To Net: Unknown Pin: Pin U9-20
Add Pin To Net: Unknown Pin: Pin U9-21
Add Pin To Net: Unknown Pin: Pin U9-22
Add Pin To Net: Unknown Pin: Pin U9-23
Add Pin To Net: Unknown Pin: Pin U9-24
Add Pin To Net: Unknown Pin: Pin U9-25
Add Pin To Net: Unknown Pin: Pin U9-26
Add Pin To Net: Unknown Pin: Pin U9-27
Add Pin To Net: Unknown Pin: Pin U9-28
Add Pin To Net: Unknown Pin: Pin U9-29
Add Pin To Net: Unknown Pin: Pin U30-9
Add Pin To Net: Unknown Pin: Pin U31-9
Add Pin To Net: Unknown Pin: Pin U32-9
Add Pin To Net: Unknown Pin: Pin U33-9
Add Pin To Net: Unknown Pin: Pin U34-1
Add Pin To Net: Unknown Pin: Pin U34-2
Add Pin To Net: Unknown Pin: Pin U34-3
Add Pin To Net: Unknown Pin: Pin U34-4
Add Pin To Net: Unknown Pin: Pin U34-5
Add Pin To Net: Unknown Pin: Pin U34-6
Add Pin To Net: Unknown Pin: Pin U34-7
Add Pin To Net: Unknown Pin: Pin U34-8
Add Pin To Net: Unknown Pin: Pin U34-9
Add Pin To Net: Unknown Pin: Pin U34-10
Add Pin To Net: Unknown Pin: Pin U34-11
Add Pin To Net: Unknown Pin: Pin U34-12
Add Pin To Net: Unknown Pin: Pin U34-13
Add Pin To Net: Unknown Pin: Pin U34-14
Add Pin To Net: Unknown Pin: Pin U34-15
Add Pin To Net: Unknown Pin: Pin U34-16
Add Pin To Net: Unknown Pin: Pin U34-17
Add Pin To Net: Unknown Pin: Pin U34-18
Add Pin To Net: Unknown Pin: Pin U34-19
Add Pin To Net: Unknown Pin: Pin U34-20
Add Pin To Net: Unknown Pin: Pin U34-21
Add Pin To Net: Unknown Pin: Pin U34-22
Add Pin To Net: Unknown Pin: Pin U34-23
Add Pin To Net: Unknown Pin: Pin U34-24
Add Pin To Net: Unknown Pin: Pin U34-25
Add Pin To Net: Unknown Pin: Pin U34-26
Add Pin To Net: Unknown Pin: Pin U34-27
Add Pin To Net: Unknown Pin: Pin U34-28
Add Pin To Net: Unknown Pin: Pin U34-29
Add Pin To Net: Unknown Pin: Pin U34-30
Add Pin To Net: Unknown Pin: Pin U34-31
Add Pin To Net: Unknown Pin: Pin U34-32
Add Pin To Net: Unknown Pin: Pin U34-33
Add Pin To Net: Unknown Pin: Pin U34-34
Add Pin To Net: Unknown Pin: Pin U34-35
Add Pin To Net: Unknown Pin: Pin U34-36
Add Pin To Net: Unknown Pin: Pin U34-37
Add Pin To Net: Unknown Pin: Pin U34-38
Add Pin To Net: Unknown Pin: Pin U34-39
Add Pin To Net: Unknown Pin: Pin U34-40
Add Pin To Net: Unknown Pin: Pin U34-41
Add Pin To Net: Unknown Pin: Pin U34-42
Add Pin To Net: Unknown Pin: Pin U34-43
Add Pin To Net: Unknown Pin: Pin U34-44
Add Pin To Net: Unknown Pin: Pin U34-45
Add Pin To Net: Unknown Pin: Pin U34-46
Add Pin To Net: Unknown Pin: Pin U34-47
Add Pin To Net: Unknown Pin: Pin U34-48
Add Pin To Net: Unknown Pin: Pin U34-49
Add Pin To Net: Unknown Pin: Pin U34-50
Add Pin To Net: Unknown Pin: Pin U34-51
Add Pin To Net: Unknown Pin: Pin U34-52
Add Pin To Net: Unknown Pin: Pin U34-53
Add Pin To Net: Unknown Pin: Pin U34-54
Add Pin To Net: Unknown Pin: Pin U34-55
Add Pin To Net: Unknown Pin: Pin U34-56
Add Pin To Net: Unknown Pin: Pin U34-57
Add Pin To Net: Unknown Pin: Pin U34-58
Add Pin To Net: Unknown Pin: Pin U34-59
Add Pin To Net: Unknown Pin: Pin U34-60
Add Pin To Net: Unknown Pin: Pin U34-61
Add Pin To Net: Unknown Pin: Pin U34-62
Add Pin To Net: Unknown Pin: Pin U34-63
Add Pin To Net: Unknown Pin: Pin U34-64
Add Pin To Net: Unknown Pin: Pin U34-65
Add Pin To Net: Unknown Pin: Pin U34-66
Add Pin To Net: Unknown Pin: Pin U34-67
Add Pin To Net: Unknown Pin: Pin U34-68
Add Pin To Net: Unknown Pin: Pin U34-69
Add Pin To Net: Unknown Pin: Pin U34-70
Add Pin To Net: Unknown Pin: Pin U34-71
Add Pin To Net: Unknown Pin: Pin U34-72
Add Pin To Net: Unknown Pin: Pin U34-73
Add Pin To Net: Unknown Pin: Pin U34-74
Add Pin To Net: Unknown Pin: Pin U34-75
Add Pin To Net: Unknown Pin: Pin U34-76
Add Pin To Net: Unknown Pin: Pin U34-77
Add Pin To Net: Unknown Pin: Pin U34-78
Add Pin To Net: Unknown Pin: Pin U34-79
Add Pin To Net: Unknown Pin: Pin U34-80
Add Pin To Net: Unknown Pin: Pin U34-81
Add Pin To Net: Unknown Pin: Pin U34-82
Add Pin To Net: Unknown Pin: Pin U34-83
Add Pin To Net: Unknown Pin: Pin U34-84
Add Pin To Net: Unknown Pin: Pin U34-85
Add Pin To Net: Unknown Pin: Pin U34-86
Add Pin To Net: Unknown Pin: Pin U34-87
Add Pin To Net: Unknown Pin: Pin U34-88
Add Pin To Net: Unknown Pin: Pin U34-89
Add Pin To Net: Unknown Pin: Pin U34-90
Add Pin To Net: Unknown Pin: Pin U34-91
Add Pin To Net: Unknown Pin: Pin U34-92
Add Pin To Net: Unknown Pin: Pin U34-93
Add Pin To Net: Unknown Pin: Pin U34-94
Add Pin To Net: Unknown Pin: Pin U34-95
Add Pin To Net: Unknown Pin: Pin U34-96
Add Pin To Net: Unknown Pin: Pin U34-97
Add Pin To Net: Unknown Pin: Pin U34-98
Add Pin To Net: Unknown Pin: Pin U34-99
Add Pin To Net: Unknown Pin: Pin U34-100
Add Pin To Net: Unknown Pin: Pin U34-101
Add Pin To Net: Unknown Pin: Pin U34-102
Add Pin To Net: Unknown Pin: Pin U34-103
Add Pin To Net: Unknown Pin: Pin U34-104
Add Pin To Net: Unknown Pin: Pin U34-105
Add Pin To Net: Unknown Pin: Pin U34-106
Add Pin To Net: Unknown Pin: Pin U34-107
Add Pin To Net: Unknown Pin: Pin U34-108
Add Pin To Net: Unknown Pin: Pin U34-109
Add Pin To Net: Unknown Pin: Pin U34-110
Add Pin To Net: Unknown Pin: Pin U34-111
Add Pin To Net: Unknown Pin: Pin U34-112
Add Pin To Net: Unknown Pin: Pin U34-113
Add Pin To Net: Unknown Pin: Pin U34-114
Add Pin To Net: Unknown Pin: Pin U34-115
Add Pin To Net: Unknown Pin: Pin U34-116
Add Pin To Net: Unknown Pin: Pin U34-117
Add Pin To Net: Unknown Pin: Pin U34-118
Add Pin To Net: Unknown Pin: Pin U34-119
Add Pin To Net: Unknown Pin: Pin U34-120
Add Pin To Net: Unknown Pin: Pin U34-121
Add Pin To Net: Unknown Pin: Pin U34-122
Add Pin To Net: Unknown Pin: Pin U34-123
Add Pin To Net: Unknown Pin: Pin U34-124
Add Pin To Net: Unknown Pin: Pin U34-125
Add Pin To Net: Unknown Pin: Pin U34-126
Add Pin To Net: Unknown Pin: Pin U34-127
Add Pin To Net: Unknown Pin: Pin U34-128
Add Pin To Net: Unknown Pin: Pin U34-129
Add Pin To Net: Unknown Pin: Pin U34-130
Add Pin To Net: Unknown Pin: Pin U34-131
Add Pin To Net: Unknown Pin: Pin U34-132
Add Pin To Net: Unknown Pin: Pin U34-133
Add Pin To Net: Unknown Pin: Pin U34-134
Add Pin To Net: Unknown Pin: Pin U34-135
Add Pin To Net: Unknown Pin: Pin U34-136
Add Pin To Net: Unknown Pin: Pin U34-137
Add Pin To Net: Unknown Pin: Pin U34-138
Add Pin To Net: Unknown Pin: Pin U34-139
Add Pin To Net: Unknown Pin: Pin U34-140
Add Pin To Net: Unknown Pin: Pin U34-141
Add Pin To Net: Unknown Pin: Pin U34-142
Add Pin To Net: Unknown Pin: Pin U34-143
Add Pin To Net: Unknown Pin: Pin U34-144
Add Pin To Net: Unknown Pin: Pin U34-145
Add Pin To Net: Unknown Pin: Pin U34-146
Add Pin To Net: Unknown Pin: Pin U34-147
Add Pin To Net: Unknown Pin: Pin U34-148
Add Pin To Net: Unknown Pin: Pin U34-149
Add Pin To Net: Unknown Pin: Pin U34-150
Add Pin To Net: Unknown Pin: Pin U34-151
Add Pin To Net: Unknown Pin: Pin U34-152
Add Pin To Net: Unknown Pin: Pin U34-153
Add Pin To Net: Unknown Pin: Pin U34-154
Add Pin To Net: Unknown Pin: Pin U34-155
Add Pin To Net: Unknown Pin: Pin U34-156
Add Pin To Net: Unknown Pin: Pin U34-157
Add Pin To Net: Unknown Pin: Pin U34-158
Add Pin To Net: Unknown Pin: Pin U34-159
Add Pin To Net: Unknown Pin: Pin U34-160
Add Pin To Net: Unknown Pin: Pin U34-161
Add Pin To Net: Unknown Pin: Pin U34-162
Add Pin To Net: Unknown Pin: Pin U34-163
Add Pin To Net: Unknown Pin: Pin U34-164
Add Pin To Net: Unknown Pin: Pin U34-165
Add Pin To Net: Unknown Pin: Pin U34-166
Add Pin To Net: Unknown Pin: Pin U34-167
Add Pin To Net: Unknown Pin: Pin U34-168
Add Pin To Net: Unknown Pin: Pin U34-169
Add Pin To Net: Unknown Pin: Pin U34-170
Add Pin To Net: Unknown Pin: Pin U34-171
Add Pin To Net: Unknown Pin: Pin U34-172
Add Pin To Net: Unknown Pin: Pin U34-173
Add Pin To Net: Unknown Pin: Pin U34-174
Add Pin To Net: Unknown Pin: Pin U34-175
Add Pin To Net: Unknown Pin: Pin U34-176
Add Pin To Net: Unknown Pin: Pin U34-177
Add Pin To Net: Unknown Pin: Pin U34-178
Add Pin To Net: Unknown Pin: Pin U34-179
Add Pin To Net: Unknown Pin: Pin U34-180
Add Pin To Net: Unknown Pin: Pin U34-181
Add Pin To Net: Unknown Pin: Pin U34-182
Add Pin To Net: Unknown Pin: Pin U34-183
Add Pin To Net: Unknown Pin: Pin U34-184
Add Pin To Net: Unknown Pin: Pin U34-185
Add Pin To Net: Unknown Pin: Pin U34-186
Add Pin To Net: Unknown Pin: Pin U34-187
Add Pin To Net: Unknown Pin: Pin U34-188
Add Pin To Net: Unknown Pin: Pin U34-189
Add Pin To Net: Unknown Pin: Pin U34-190
Add Pin To Net: Unknown Pin: Pin U37-1
Add Pin To Net: Unknown Pin: Pin U37-2
Add Pin To Net: Unknown Pin: Pin U37-3
Add Pin To Net: Unknown Pin: Pin U37-4
Add Pin To Net: Unknown Pin: Pin U37-5
Add Pin To Net: Unknown Pin: Pin U37-6
Add Pin To Net: Unknown Pin: Pin U37-7
Add Pin To Net: Unknown Pin: Pin U37-8
Add Pin To Net: Unknown Pin: Pin U37-9
Add Pin To Net: Unknown Pin: Pin U37-10
Add Pin To Net: Unknown Pin: Pin U37-11
Add Pin To Net: Unknown Pin: Pin U37-12
Add Pin To Net: Unknown Pin: Pin U37-13
Add Pin To Net: Unknown Pin: Pin U37-14
Add Pin To Net: Unknown Pin: Pin U37-15
Add Pin To Net: Unknown Pin: Pin U37-16
Add Pin To Net: Unknown Pin: Pin U38-1
Add Pin To Net: Unknown Pin: Pin U38-2
Add Pin To Net: Unknown Pin: Pin U38-3
Add Pin To Net: Unknown Pin: Pin U38-4
Add Pin To Net: Unknown Pin: Pin U38-5
Add Pin To Net: Unknown Pin: Pin U38-6
Add Pin To Net: Unknown Pin: Pin U38-7
Add Pin To Net: Unknown Pin: Pin U38-8
Add Pin To Net: Unknown Pin: Pin XC1-1
Add Pin To Net: Unknown Pin: Pin XC1-2
Add Pin To Net: Unknown Pin: Pin XC1-3
Add Pin To Net: Unknown Pin: Pin XC2-1
Add Pin To Net: Unknown Pin: Pin XC2-2
Add Pin To Net: Unknown Pin: Pin XC2-3
Add Pin To Net: Unknown Pin: Pin XC2-4
Add Net: Net with name "PD18" already exists
Add Net: Net with name "PD19" already exists
Add Class Member: Failed to add class member : Component J19 0533981171
Add Class Member: Failed to add class member : Component U2 SAMV71Q21B
Add Class Member: Failed to add class member : Component U9 IC_SW_MAX14662ETI+T
Add Class Member: Failed to add class member : Component U34 SOM 190-Pins
Add Class Member: Failed to add class member : Component U37 SN3257QPWRQ1
Add Class Member: Failed to add class member : Component U38 IS66WVS8M8FBLL-104NLI
Add Class Member: Failed to add class member : Component XC1 Farnell order no:1539364
Add Class Member: Failed to add class member : Component XC2
