Add Component: Footprint Not Found AP6-00118
Add Component: Footprint Not Found QFN40P400X400X80-29N
Add Component: Footprint Not Found SOIC_PRQ1_TEX
Add Component: Footprint Not Found SOIC8_150MIL_N_ISI
Add Component: Footprint Not Found AP7-00044
Add Component: Footprint Not Found AP7-00039
Add Pin To Net: Unknown Pin: Pin J19-1
Add Pin To Net: Unknown Pin: Pin J19-2
Add Pin To Net: Unknown Pin: Pin J19-3
Add Pin To Net: Unknown Pin: Pin J19-4
Add Pin To Net: Unknown Pin: Pin J19-5
Add Pin To Net: Unknown Pin: Pin J19-6
Add Pin To Net: Unknown Pin: Pin J19-7
Add Pin To Net: Unknown Pin: Pin J19-8
Add Pin To Net: Unknown Pin: Pin J19-9
Add Pin To Net: Unknown Pin: Pin J19-10
Add Pin To Net: Unknown Pin: Pin J19-11
Add Pin To Net: Unknown Pin: Pin J19-M1
Add Pin To Net: Unknown Pin: Pin J19-M2
Add Pin To Net: Unknown Pin: Pin J?-M1
Add Pin To Net: Unknown Pin: Pin J?-M2
Add Pin To Net: Unknown Pin: Pin U2-1
Add Pin To Net: Unknown Pin: Pin U2-2
Add Pin To Net: Unknown Pin: Pin U2-3
Add Pin To Net: Unknown Pin: Pin U2-4
Add Pin To Net: Unknown Pin: Pin U2-5
Add Pin To Net: Unknown Pin: Pin U2-6
Add Pin To Net: Unknown Pin: Pin U2-7
Add Pin To Net: Unknown Pin: Pin U2-8
Add Pin To Net: Unknown Pin: Pin U2-9
Add Pin To Net: Unknown Pin: Pin U2-10
Add Pin To Net: Unknown Pin: Pin U2-11
Add Pin To Net: Unknown Pin: Pin U2-12
Add Pin To Net: Unknown Pin: Pin U2-13
Add Pin To Net: Unknown Pin: Pin U2-14
Add Pin To Net: Unknown Pin: Pin U2-15
Add Pin To Net: Unknown Pin: Pin U2-16
Add Pin To Net: Unknown Pin: Pin U2-17
Add Pin To Net: Unknown Pin: Pin U2-18
Add Pin To Net: Unknown Pin: Pin U2-19
Add Pin To Net: Unknown Pin: Pin U2-20
Add Pin To Net: Unknown Pin: Pin U2-21
Add Pin To Net: Unknown Pin: Pin U2-22
Add Pin To Net: Unknown Pin: Pin U2-23
Add Pin To Net: Unknown Pin: Pin U2-24
Add Pin To Net: Unknown Pin: Pin U2-25
Add Pin To Net: Unknown Pin: Pin U2-26
Add Pin To Net: Unknown Pin: Pin U2-27
Add Pin To Net: Unknown Pin: Pin U2-28
Add Pin To Net: Unknown Pin: Pin U2-29
Add Pin To Net: Unknown Pin: Pin U2-30
Add Pin To Net: Unknown Pin: Pin U2-31
Add Pin To Net: Unknown Pin: Pin U2-32
Add Pin To Net: Unknown Pin: Pin U2-33
Add Pin To Net: Unknown Pin: Pin U2-34
Add Pin To Net: Unknown Pin: Pin U2-35
Add Pin To Net: Unknown Pin: Pin U2-36
Add Pin To Net: Unknown Pin: Pin U2-37
Add Pin To Net: Unknown Pin: Pin U2-38
Add Pin To Net: Unknown Pin: Pin U2-39
Add Pin To Net: Unknown Pin: Pin U2-40
Add Pin To Net: Unknown Pin: Pin U2-41
Add Pin To Net: Unknown Pin: Pin U2-42
Add Pin To Net: Unknown Pin: Pin U2-43
Add Pin To Net: Unknown Pin: Pin U2-44
Add Pin To Net: Unknown Pin: Pin U2-45
Add Pin To Net: Unknown Pin: Pin U2-46
Add Pin To Net: Unknown Pin: Pin U2-47
Add Pin To Net: Unknown Pin: Pin U2-48
Add Pin To Net: Unknown Pin: Pin U2-49
Add Pin To Net: Unknown Pin: Pin U2-50
Add Pin To Net: Unknown Pin: Pin U2-51
Add Pin To Net: Unknown Pin: Pin U2-52
Add Pin To Net: Unknown Pin: Pin U2-53
Add Pin To Net: Unknown Pin: Pin U2-54
Add Pin To Net: Unknown Pin: Pin U2-55
Add Pin To Net: Unknown Pin: Pin U2-56
Add Pin To Net: Unknown Pin: Pin U2-57
Add Pin To Net: Unknown Pin: Pin U2-58
Add Pin To Net: Unknown Pin: Pin U2-59
Add Pin To Net: Unknown Pin: Pin U2-60
Add Pin To Net: Unknown Pin: Pin U2-61
Add Pin To Net: Unknown Pin: Pin U2-62
Add Pin To Net: Unknown Pin: Pin U2-63
Add Pin To Net: Unknown Pin: Pin U2-64
Add Pin To Net: Unknown Pin: Pin U2-65
Add Pin To Net: Unknown Pin: Pin U2-66
Add Pin To Net: Unknown Pin: Pin U2-68
Add Pin To Net: Unknown Pin: Pin U2-70
Add Pin To Net: Unknown Pin: Pin U2-71
Add Pin To Net: Unknown Pin: Pin U2-72
Add Pin To Net: Unknown Pin: Pin U2-73
Add Pin To Net: Unknown Pin: Pin U2-74
Add Pin To Net: Unknown Pin: Pin U2-75
Add Pin To Net: Unknown Pin: Pin U2-76
Add Pin To Net: Unknown Pin: Pin U2-77
Add Pin To Net: Unknown Pin: Pin U2-78
Add Pin To Net: Unknown Pin: Pin U2-79
Add Pin To Net: Unknown Pin: Pin U2-80
Add Pin To Net: Unknown Pin: Pin U2-81
Add Pin To Net: Unknown Pin: Pin U2-82
Add Pin To Net: Unknown Pin: Pin U2-83
Add Pin To Net: Unknown Pin: Pin U2-84
Add Pin To Net: Unknown Pin: Pin U2-85
Add Pin To Net: Unknown Pin: Pin U2-86
Add Pin To Net: Unknown Pin: Pin U2-87
Add Pin To Net: Unknown Pin: Pin U2-88
Add Pin To Net: Unknown Pin: Pin U2-89
Add Pin To Net: Unknown Pin: Pin U2-90
Add Pin To Net: Unknown Pin: Pin U2-91
Add Pin To Net: Unknown Pin: Pin U2-92
Add Pin To Net: Unknown Pin: Pin U2-93
Add Pin To Net: Unknown Pin: Pin U2-94
Add Pin To Net: Unknown Pin: Pin U2-95
Add Pin To Net: Unknown Pin: Pin U2-96
Add Pin To Net: Unknown Pin: Pin U2-97
Add Pin To Net: Unknown Pin: Pin U2-98
Add Pin To Net: Unknown Pin: Pin U2-99
Add Pin To Net: Unknown Pin: Pin U2-100
Add Pin To Net: Unknown Pin: Pin U2-101
Add Pin To Net: Unknown Pin: Pin U2-102
Add Pin To Net: Unknown Pin: Pin U2-103
Add Pin To Net: Unknown Pin: Pin U2-104
Add Pin To Net: Unknown Pin: Pin U2-105
Add Pin To Net: Unknown Pin: Pin U2-106
Add Pin To Net: Unknown Pin: Pin U2-107
Add Pin To Net: Unknown Pin: Pin U2-108
Add Pin To Net: Unknown Pin: Pin U2-109
Add Pin To Net: Unknown Pin: Pin U2-110
Add Pin To Net: Unknown Pin: Pin U2-111
Add Pin To Net: Unknown Pin: Pin U2-112
Add Pin To Net: Unknown Pin: Pin U2-113
Add Pin To Net: Unknown Pin: Pin U2-114
Add Pin To Net: Unknown Pin: Pin U2-115
Add Pin To Net: Unknown Pin: Pin U2-116
Add Pin To Net: Unknown Pin: Pin U2-117
Add Pin To Net: Unknown Pin: Pin U2-118
Add Pin To Net: Unknown Pin: Pin U2-119
Add Pin To Net: Unknown Pin: Pin U2-120
Add Pin To Net: Unknown Pin: Pin U2-121
Add Pin To Net: Unknown Pin: Pin U2-122
Add Pin To Net: Unknown Pin: Pin U2-123
Add Pin To Net: Unknown Pin: Pin U2-124
Add Pin To Net: Unknown Pin: Pin U2-125
Add Pin To Net: Unknown Pin: Pin U2-126
Add Pin To Net: Unknown Pin: Pin U2-127
Add Pin To Net: Unknown Pin: Pin U2-128
Add Pin To Net: Unknown Pin: Pin U2-129
Add Pin To Net: Unknown Pin: Pin U2-130
Add Pin To Net: Unknown Pin: Pin U2-131
Add Pin To Net: Unknown Pin: Pin U2-132
Add Pin To Net: Unknown Pin: Pin U2-133
Add Pin To Net: Unknown Pin: Pin U2-134
Add Pin To Net: Unknown Pin: Pin U2-135
Add Pin To Net: Unknown Pin: Pin U2-136
Add Pin To Net: Unknown Pin: Pin U2-137
Add Pin To Net: Unknown Pin: Pin U2-138
Add Pin To Net: Unknown Pin: Pin U2-139
Add Pin To Net: Unknown Pin: Pin U2-140
Add Pin To Net: Unknown Pin: Pin U2-141
Add Pin To Net: Unknown Pin: Pin U2-142
Add Pin To Net: Unknown Pin: Pin U2-143
Add Pin To Net: Unknown Pin: Pin U2-144
Add Pin To Net: Unknown Pin: Pin U9-1
Add Pin To Net: Unknown Pin: Pin U9-2
Add Pin To Net: Unknown Pin: Pin U9-3
Add Pin To Net: Unknown Pin: Pin U9-4
Add Pin To Net: Unknown Pin: Pin U9-5
Add Pin To Net: Unknown Pin: Pin U9-6
Add Pin To Net: Unknown Pin: Pin U9-7
Add Pin To Net: Unknown Pin: Pin U9-8
Add Pin To Net: Unknown Pin: Pin U9-9
Add Pin To Net: Unknown Pin: Pin U9-11
Add Pin To Net: Unknown Pin: Pin U9-14
Add Pin To Net: Unknown Pin: Pin U9-15
Add Pin To Net: Unknown Pin: Pin U9-16
Add Pin To Net: Unknown Pin: Pin U9-17
Add Pin To Net: Unknown Pin: Pin U9-18
Add Pin To Net: Unknown Pin: Pin U9-19
Add Pin To Net: Unknown Pin: Pin U9-20
Add Pin To Net: Unknown Pin: Pin U9-21
Add Pin To Net: Unknown Pin: Pin U9-22
Add Pin To Net: Unknown Pin: Pin U9-23
Add Pin To Net: Unknown Pin: Pin U9-24
Add Pin To Net: Unknown Pin: Pin U9-25
Add Pin To Net: Unknown Pin: Pin U9-26
Add Pin To Net: Unknown Pin: Pin U9-27
Add Pin To Net: Unknown Pin: Pin U9-28
Add Pin To Net: Unknown Pin: Pin U9-29
Add Pin To Net: Unknown Pin: Pin U30-9
Add Pin To Net: Unknown Pin: Pin U31-9
Add Pin To Net: Unknown Pin: Pin U32-9
Add Pin To Net: Unknown Pin: Pin U33-9
Add Pin To Net: Unknown Pin: Pin U37-1
Add Pin To Net: Unknown Pin: Pin U37-2
Add Pin To Net: Unknown Pin: Pin U37-3
Add Pin To Net: Unknown Pin: Pin U37-4
Add Pin To Net: Unknown Pin: Pin U37-5
Add Pin To Net: Unknown Pin: Pin U37-6
Add Pin To Net: Unknown Pin: Pin U37-7
Add Pin To Net: Unknown Pin: Pin U37-8
Add Pin To Net: Unknown Pin: Pin U37-9
Add Pin To Net: Unknown Pin: Pin U37-10
Add Pin To Net: Unknown Pin: Pin U37-11
Add Pin To Net: Unknown Pin: Pin U37-12
Add Pin To Net: Unknown Pin: Pin U37-13
Add Pin To Net: Unknown Pin: Pin U37-14
Add Pin To Net: Unknown Pin: Pin U37-15
Add Pin To Net: Unknown Pin: Pin U37-16
Add Pin To Net: Unknown Pin: Pin U38-1
Add Pin To Net: Unknown Pin: Pin U38-2
Add Pin To Net: Unknown Pin: Pin U38-3
Add Pin To Net: Unknown Pin: Pin U38-4
Add Pin To Net: Unknown Pin: Pin U38-5
Add Pin To Net: Unknown Pin: Pin U38-6
Add Pin To Net: Unknown Pin: Pin U38-7
Add Pin To Net: Unknown Pin: Pin U38-8
Add Pin To Net: Unknown Pin: Pin XC1-1
Add Pin To Net: Unknown Pin: Pin XC1-2
Add Pin To Net: Unknown Pin: Pin XC1-3
Add Pin To Net: Unknown Pin: Pin XC2-1
Add Pin To Net: Unknown Pin: Pin XC2-2
Add Pin To Net: Unknown Pin: Pin XC2-3
Add Pin To Net: Unknown Pin: Pin XC2-4
Add Net: Net with name "PD18" already exists
Add Net: Net with name "PD19" already exists
Add Class Member: Failed to add class member : Component J19 0533981171
Add Class Member: Failed to add class member : Component U2 SAMV71Q21B
Add Class Member: Failed to add class member : Component U9 IC_SW_MAX14662ETI+T
Add Class Member: Failed to add class member : Component U37 SN3257QPWRQ1
Add Class Member: Failed to add class member : Component U38 IS66WVS8M8FBLL-104NLI
Add Class Member: Failed to add class member : Component XC1 Farnell order no:1539364
Add Class Member: Failed to add class member : Component XC2
