Added Component: Designator=J?(JST_B2B-XH-A)
Add Component: Footprint Not Found AP6-00118
Add Component: Footprint Not Found QFN40P400X400X80-29N
Added Component: Designator=U34(SOM-38MMX30MM)
Add Component: Footprint Not Found SOIC_PRQ1_TEX
Add Component: Footprint Not Found SOIC8_150MIL_N_ISI
Add Component: Footprint Not Found AP7-00044
Add Component: Footprint Not Found AP7-00039
Add Pin To Net: Unknown Pin: Pin J19-1
Add Pin To Net: Unknown Pin: Pin J19-2
Add Pin To Net: Unknown Pin: Pin J19-3
Add Pin To Net: Unknown Pin: Pin J19-4
Add Pin To Net: Unknown Pin: Pin J19-5
Add Pin To Net: Unknown Pin: Pin J19-6
Add Pin To Net: Unknown Pin: Pin J19-7
Add Pin To Net: Unknown Pin: Pin J19-8
Add Pin To Net: Unknown Pin: Pin J19-9
Add Pin To Net: Unknown Pin: Pin J19-10
Add Pin To Net: Unknown Pin: Pin J19-11
Add Pin To Net: Unknown Pin: Pin J19-M1
Add Pin To Net: Unknown Pin: Pin J19-M2
Added Pin To Net: NetName=RTC_BAT Pin=J?-1
Added Pin To Net: NetName=GND Pin=J?-2
Add Pin To Net: Unknown Pin: Pin J?-M1
Add Pin To Net: Unknown Pin: Pin J?-M2
Added Pin To Net: NetName=PD25 Pin=R169-2
Added Pin To Net: NetName=PD26 Pin=R179-2
Add Pin To Net: Unknown Pin: Pin U2-1
Add Pin To Net: Unknown Pin: Pin U2-2
Add Pin To Net: Unknown Pin: Pin U2-3
Add Pin To Net: Unknown Pin: Pin U2-4
Add Pin To Net: Unknown Pin: Pin U2-5
Add Pin To Net: Unknown Pin: Pin U2-6
Add Pin To Net: Unknown Pin: Pin U2-7
Add Pin To Net: Unknown Pin: Pin U2-8
Add Pin To Net: Unknown Pin: Pin U2-9
Add Pin To Net: Unknown Pin: Pin U2-10
Add Pin To Net: Unknown Pin: Pin U2-11
Add Pin To Net: Unknown Pin: Pin U2-12
Add Pin To Net: Unknown Pin: Pin U2-13
Add Pin To Net: Unknown Pin: Pin U2-14
Add Pin To Net: Unknown Pin: Pin U2-15
Add Pin To Net: Unknown Pin: Pin U2-16
Add Pin To Net: Unknown Pin: Pin U2-17
Add Pin To Net: Unknown Pin: Pin U2-18
Add Pin To Net: Unknown Pin: Pin U2-19
Add Pin To Net: Unknown Pin: Pin U2-20
Add Pin To Net: Unknown Pin: Pin U2-21
Add Pin To Net: Unknown Pin: Pin U2-22
Add Pin To Net: Unknown Pin: Pin U2-23
Add Pin To Net: Unknown Pin: Pin U2-24
Add Pin To Net: Unknown Pin: Pin U2-25
Add Pin To Net: Unknown Pin: Pin U2-26
Add Pin To Net: Unknown Pin: Pin U2-27
Add Pin To Net: Unknown Pin: Pin U2-28
Add Pin To Net: Unknown Pin: Pin U2-29
Add Pin To Net: Unknown Pin: Pin U2-30
Add Pin To Net: Unknown Pin: Pin U2-31
Add Pin To Net: Unknown Pin: Pin U2-32
Add Pin To Net: Unknown Pin: Pin U2-33
Add Pin To Net: Unknown Pin: Pin U2-34
Add Pin To Net: Unknown Pin: Pin U2-35
Add Pin To Net: Unknown Pin: Pin U2-36
Add Pin To Net: Unknown Pin: Pin U2-37
Add Pin To Net: Unknown Pin: Pin U2-38
Add Pin To Net: Unknown Pin: Pin U2-39
Add Pin To Net: Unknown Pin: Pin U2-40
Add Pin To Net: Unknown Pin: Pin U2-41
Add Pin To Net: Unknown Pin: Pin U2-42
Add Pin To Net: Unknown Pin: Pin U2-43
Add Pin To Net: Unknown Pin: Pin U2-44
Add Pin To Net: Unknown Pin: Pin U2-45
Add Pin To Net: Unknown Pin: Pin U2-46
Add Pin To Net: Unknown Pin: Pin U2-47
Add Pin To Net: Unknown Pin: Pin U2-48
Add Pin To Net: Unknown Pin: Pin U2-49
Add Pin To Net: Unknown Pin: Pin U2-50
Add Pin To Net: Unknown Pin: Pin U2-51
Add Pin To Net: Unknown Pin: Pin U2-52
Add Pin To Net: Unknown Pin: Pin U2-53
Add Pin To Net: Unknown Pin: Pin U2-54
Add Pin To Net: Unknown Pin: Pin U2-55
Add Pin To Net: Unknown Pin: Pin U2-56
Add Pin To Net: Unknown Pin: Pin U2-57
Add Pin To Net: Unknown Pin: Pin U2-58
Add Pin To Net: Unknown Pin: Pin U2-59
Add Pin To Net: Unknown Pin: Pin U2-60
Add Pin To Net: Unknown Pin: Pin U2-61
Add Pin To Net: Unknown Pin: Pin U2-62
Add Pin To Net: Unknown Pin: Pin U2-63
Add Pin To Net: Unknown Pin: Pin U2-64
Add Pin To Net: Unknown Pin: Pin U2-65
Add Pin To Net: Unknown Pin: Pin U2-66
Add Pin To Net: Unknown Pin: Pin U2-68
Add Pin To Net: Unknown Pin: Pin U2-70
Add Pin To Net: Unknown Pin: Pin U2-71
Add Pin To Net: Unknown Pin: Pin U2-72
Add Pin To Net: Unknown Pin: Pin U2-73
Add Pin To Net: Unknown Pin: Pin U2-74
Add Pin To Net: Unknown Pin: Pin U2-75
Add Pin To Net: Unknown Pin: Pin U2-76
Add Pin To Net: Unknown Pin: Pin U2-77
Add Pin To Net: Unknown Pin: Pin U2-78
Add Pin To Net: Unknown Pin: Pin U2-79
Add Pin To Net: Unknown Pin: Pin U2-80
Add Pin To Net: Unknown Pin: Pin U2-81
Add Pin To Net: Unknown Pin: Pin U2-82
Add Pin To Net: Unknown Pin: Pin U2-83
Add Pin To Net: Unknown Pin: Pin U2-84
Add Pin To Net: Unknown Pin: Pin U2-85
Add Pin To Net: Unknown Pin: Pin U2-86
Add Pin To Net: Unknown Pin: Pin U2-87
Add Pin To Net: Unknown Pin: Pin U2-88
Add Pin To Net: Unknown Pin: Pin U2-89
Add Pin To Net: Unknown Pin: Pin U2-90
Add Pin To Net: Unknown Pin: Pin U2-91
Add Pin To Net: Unknown Pin: Pin U2-92
Add Pin To Net: Unknown Pin: Pin U2-93
Add Pin To Net: Unknown Pin: Pin U2-94
Add Pin To Net: Unknown Pin: Pin U2-95
Add Pin To Net: Unknown Pin: Pin U2-96
Add Pin To Net: Unknown Pin: Pin U2-97
Add Pin To Net: Unknown Pin: Pin U2-98
Add Pin To Net: Unknown Pin: Pin U2-99
Add Pin To Net: Unknown Pin: Pin U2-100
Add Pin To Net: Unknown Pin: Pin U2-101
Add Pin To Net: Unknown Pin: Pin U2-102
Add Pin To Net: Unknown Pin: Pin U2-103
Add Pin To Net: Unknown Pin: Pin U2-104
Add Pin To Net: Unknown Pin: Pin U2-105
Add Pin To Net: Unknown Pin: Pin U2-106
Add Pin To Net: Unknown Pin: Pin U2-107
Add Pin To Net: Unknown Pin: Pin U2-108
Add Pin To Net: Unknown Pin: Pin U2-109
Add Pin To Net: Unknown Pin: Pin U2-110
Add Pin To Net: Unknown Pin: Pin U2-111
Add Pin To Net: Unknown Pin: Pin U2-112
Add Pin To Net: Unknown Pin: Pin U2-113
Add Pin To Net: Unknown Pin: Pin U2-114
Add Pin To Net: Unknown Pin: Pin U2-115
Add Pin To Net: Unknown Pin: Pin U2-116
Add Pin To Net: Unknown Pin: Pin U2-117
Add Pin To Net: Unknown Pin: Pin U2-118
Add Pin To Net: Unknown Pin: Pin U2-119
Add Pin To Net: Unknown Pin: Pin U2-120
Add Pin To Net: Unknown Pin: Pin U2-121
Add Pin To Net: Unknown Pin: Pin U2-122
Add Pin To Net: Unknown Pin: Pin U2-123
Add Pin To Net: Unknown Pin: Pin U2-124
Add Pin To Net: Unknown Pin: Pin U2-125
Add Pin To Net: Unknown Pin: Pin U2-126
Add Pin To Net: Unknown Pin: Pin U2-127
Add Pin To Net: Unknown Pin: Pin U2-128
Add Pin To Net: Unknown Pin: Pin U2-129
Add Pin To Net: Unknown Pin: Pin U2-130
Add Pin To Net: Unknown Pin: Pin U2-131
Add Pin To Net: Unknown Pin: Pin U2-132
Add Pin To Net: Unknown Pin: Pin U2-133
Add Pin To Net: Unknown Pin: Pin U2-134
Add Pin To Net: Unknown Pin: Pin U2-135
Add Pin To Net: Unknown Pin: Pin U2-136
Add Pin To Net: Unknown Pin: Pin U2-137
Add Pin To Net: Unknown Pin: Pin U2-138
Add Pin To Net: Unknown Pin: Pin U2-139
Add Pin To Net: Unknown Pin: Pin U2-140
Add Pin To Net: Unknown Pin: Pin U2-141
Add Pin To Net: Unknown Pin: Pin U2-142
Add Pin To Net: Unknown Pin: Pin U2-143
Add Pin To Net: Unknown Pin: Pin U2-144
Add Pin To Net: Unknown Pin: Pin U9-1
Add Pin To Net: Unknown Pin: Pin U9-2
Add Pin To Net: Unknown Pin: Pin U9-3
Add Pin To Net: Unknown Pin: Pin U9-4
Add Pin To Net: Unknown Pin: Pin U9-5
Add Pin To Net: Unknown Pin: Pin U9-6
Add Pin To Net: Unknown Pin: Pin U9-7
Add Pin To Net: Unknown Pin: Pin U9-8
Add Pin To Net: Unknown Pin: Pin U9-9
Add Pin To Net: Unknown Pin: Pin U9-11
Add Pin To Net: Unknown Pin: Pin U9-14
Add Pin To Net: Unknown Pin: Pin U9-15
Add Pin To Net: Unknown Pin: Pin U9-16
Add Pin To Net: Unknown Pin: Pin U9-17
Add Pin To Net: Unknown Pin: Pin U9-18
Add Pin To Net: Unknown Pin: Pin U9-19
Add Pin To Net: Unknown Pin: Pin U9-20
Add Pin To Net: Unknown Pin: Pin U9-21
Add Pin To Net: Unknown Pin: Pin U9-22
Add Pin To Net: Unknown Pin: Pin U9-23
Add Pin To Net: Unknown Pin: Pin U9-24
Add Pin To Net: Unknown Pin: Pin U9-25
Add Pin To Net: Unknown Pin: Pin U9-26
Add Pin To Net: Unknown Pin: Pin U9-27
Add Pin To Net: Unknown Pin: Pin U9-28
Add Pin To Net: Unknown Pin: Pin U9-29
Add Pin To Net: Unknown Pin: Pin U30-9
Add Pin To Net: Unknown Pin: Pin U31-9
Add Pin To Net: Unknown Pin: Pin U32-9
Add Pin To Net: Unknown Pin: Pin U33-9
Added Pin To Net: NetName=GND Pin=U34-1
Added Pin To Net: NetName=GND Pin=U34-2
Added Pin To Net: NetName=_PA30 Pin=U34-3
Added Pin To Net: NetName=_PA31 Pin=U34-4
Added Pin To Net: NetName=_PB1 Pin=U34-5
Added Pin To Net: NetName=_PB2 Pin=U34-6
Added Pin To Net: NetName=_PB0 Pin=U34-7
Added Pin To Net: NetName=SEL_VLDO1 Pin=U34-8
Added Pin To Net: NetName=5V_MAIN Pin=U34-9
Added Pin To Net: NetName=5V_MAIN Pin=U34-10
Added Pin To Net: NetName=VLDO1 Pin=U34-11
Added Pin To Net: NetName=VLDO2 Pin=U34-12
Added Pin To Net: NetName=GND Pin=U34-13
Added Pin To Net: NetName=MCP16502_HPM Pin=U34-14
Added Pin To Net: NetName=nSTART_SOM Pin=U34-15
Added Pin To Net: NetName=SOM_TWCK Pin=U34-16
Added Pin To Net: NetName=SOM_TWD Pin=U34-17
Added Pin To Net: NetName=GND Pin=U34-18
Added Pin To Net: NetName=_PD15 Pin=U34-19
Added Pin To Net: NetName=_PD12 Pin=U34-20
Added Pin To Net: NetName=_PD13 Pin=U34-21
Added Pin To Net: NetName=_PD14 Pin=U34-22
Added Pin To Net: NetName=_PD17 Pin=U34-23
Added Pin To Net: NetName=_PD16 Pin=U34-24
Added Pin To Net: NetName=GND Pin=U34-25
Added Pin To Net: NetName=_PD21 Pin=U34-26
Added Pin To Net: NetName=_PD22 Pin=U34-27
Added Pin To Net: NetName=_PD23 Pin=U34-28
Added Pin To Net: NetName=_PD20 Pin=U34-29
Added Pin To Net: NetName=_PD25 Pin=U34-30
Added Pin To Net: NetName=_PD30 Pin=U34-31
Added Pin To Net: NetName=_PD24 Pin=U34-32
Added Pin To Net: NetName=_PD29 Pin=U34-33
Added Pin To Net: NetName=_PD27 Pin=U34-34
Added Pin To Net: NetName=_PD28 Pin=U34-35
Added Pin To Net: NetName=_PD26 Pin=U34-36
Added Pin To Net: NetName=_PD31 Pin=U34-37
Added Pin To Net: NetName=NAND_CS_IN Pin=U34-38
Added Pin To Net: NetName=NAND_CS_PD4 Pin=U34-39
Added Pin To Net: NetName=GND Pin=U34-40
Added Pin To Net: NetName=GND Pin=U34-41
Added Pin To Net: NetName=GND Pin=U34-42
Added Pin To Net: NetName=GND Pin=U34-43
Added Pin To Net: NetName=_PE0 Pin=U34-44
Added Pin To Net: NetName=_PE1 Pin=U34-45
Added Pin To Net: NetName=_PE3 Pin=U34-46
Added Pin To Net: NetName=_PE2 Pin=U34-47
Added Pin To Net: NetName=_PE5 Pin=U34-48
Added Pin To Net: NetName=_PE4 Pin=U34-49
Added Pin To Net: NetName=_PE6 Pin=U34-50
Added Pin To Net: NetName=GND Pin=U34-51
Added Pin To Net: NetName=_PB28 Pin=U34-52
Added Pin To Net: NetName=_PB29 Pin=U34-53
Added Pin To Net: NetName=_PB31 Pin=U34-54
Added Pin To Net: NetName=_PC0 Pin=U34-55
Added Pin To Net: NetName=_PC1 Pin=U34-56
Added Pin To Net: NetName=_PC2 Pin=U34-57
Added Pin To Net: NetName=_PB30 Pin=U34-58
Added Pin To Net: NetName=_PC3 Pin=U34-59
Added Pin To Net: NetName=_PC4 Pin=U34-60
Added Pin To Net: NetName=_PC5 Pin=U34-61
Added Pin To Net: NetName=_PC6 Pin=U34-62
Added Pin To Net: NetName=TDI_PC28 Pin=U34-63
Added Pin To Net: NetName=TCK_SWCLK_PC26 Pin=U34-64
Added Pin To Net: NetName=TDO_PC29 Pin=U34-65
Added Pin To Net: NetName=NTRST_PC25 Pin=U34-66
Added Pin To Net: NetName=TMS_SWDIO_PC27 Pin=U34-67
Added Pin To Net: NetName=QSPI1_CS_PB26 Pin=U34-68
Added Pin To Net: NetName=QSPI1_CS_IN Pin=U34-69
Added Pin To Net: NetName=GND Pin=U34-70
Added Pin To Net: NetName=USBC_N Pin=U34-71
Added Pin To Net: NetName=USBC_P Pin=U34-72
Added Pin To Net: NetName=GND Pin=U34-73
Added Pin To Net: NetName=USBB_CC1 Pin=U34-74
Added Pin To Net: NetName=USBB_N Pin=U34-75
Added Pin To Net: NetName=USBB_P Pin=U34-76
Added Pin To Net: NetName=USBB_CC2 Pin=U34-77
Added Pin To Net: NetName=GND Pin=U34-78
Added Pin To Net: NetName=USBA_CC1 Pin=U34-79
Added Pin To Net: NetName=USBA_N Pin=U34-80
Added Pin To Net: NetName=USBA_P Pin=U34-81
Added Pin To Net: NetName=USBA_CC2 Pin=U34-82
Added Pin To Net: NetName=GND Pin=U34-83
Added Pin To Net: NetName=GND Pin=U34-84
Added Pin To Net: NetName=_PC7 Pin=U34-85
Added Pin To Net: NetName=_PC8 Pin=U34-86
Added Pin To Net: NetName=_PC9 Pin=U34-87
Added Pin To Net: NetName=_PC10 Pin=U34-88
Added Pin To Net: NetName=_PC11 Pin=U34-89
Added Pin To Net: NetName=_PC12 Pin=U34-90
Added Pin To Net: NetName=_PC13 Pin=U34-91
Added Pin To Net: NetName=_PC14 Pin=U34-92
Added Pin To Net: NetName=_PC15 Pin=U34-93
Added Pin To Net: NetName=GND Pin=U34-94
Added Pin To Net: NetName=GND Pin=U34-95
Added Pin To Net: NetName=GND Pin=U34-96
Added Pin To Net: NetName=GND Pin=U34-97
Added Pin To Net: NetName=24M_EN Pin=U34-98
Added Pin To Net: NetName=_PC16 Pin=U34-99
Added Pin To Net: NetName=_PC17 Pin=U34-100
Added Pin To Net: NetName=_PC18 Pin=U34-101
Added Pin To Net: NetName=_PC19 Pin=U34-102
Added Pin To Net: NetName=_PC20 Pin=U34-103
Added Pin To Net: NetName=NRST_OUT Pin=U34-104
Added Pin To Net: NetName=NRST Pin=U34-105
Added Pin To Net: NetName=_PD0 Pin=U34-106
Added Pin To Net: NetName=_PD1 Pin=U34-107
Added Pin To Net: NetName=GND Pin=U34-108
Added Pin To Net: NetName=VBAT Pin=U34-109
Added Pin To Net: NetName=PD19 Pin=U34-110
Added Pin To Net: NetName=PD18 Pin=U34-111
Added Pin To Net: NetName=GND Pin=U34-112
Added Pin To Net: NetName=AUDIOCLK Pin=U34-113
Added Pin To Net: NetName=JTAGSEL Pin=U34-114
Added Pin To Net: NetName=PIOBU1 Pin=U34-115
Added Pin To Net: NetName=PIOBU0 Pin=U34-116
Added Pin To Net: NetName=PIOBU2 Pin=U34-117
Added Pin To Net: NetName=PIOBU3 Pin=U34-118
Added Pin To Net: NetName=_PA9 Pin=U34-119
Added Pin To Net: NetName=_PA10 Pin=U34-120
Added Pin To Net: NetName=_PA4 Pin=U34-121
Added Pin To Net: NetName=_PA8 Pin=U34-122
Added Pin To Net: NetName=_PA7 Pin=U34-123
Added Pin To Net: NetName=_PA6 Pin=U34-124
Added Pin To Net: NetName=_PA0 Pin=U34-125
Added Pin To Net: NetName=_PA2 Pin=U34-126
Added Pin To Net: NetName=_PA5 Pin=U34-127
Added Pin To Net: NetName=_PA3 Pin=U34-128
Added Pin To Net: NetName=_PA11 Pin=U34-129
Added Pin To Net: NetName=_PA1 Pin=U34-130
Added Pin To Net: NetName=_PA12 Pin=U34-131
Added Pin To Net: NetName=_PA13 Pin=U34-132
Added Pin To Net: NetName=_PA14 Pin=U34-133
Added Pin To Net: NetName=WKUP Pin=U34-134
Added Pin To Net: NetName=GND Pin=U34-135
Added Pin To Net: NetName=GND Pin=U34-136
Added Pin To Net: NetName=GND Pin=U34-137
Added Pin To Net: NetName=GND Pin=U34-138
Added Pin To Net: NetName=_PB3 Pin=U34-139
Added Pin To Net: NetName=_PB4 Pin=U34-140
Added Pin To Net: NetName=_PB5 Pin=U34-141
Added Pin To Net: NetName=_PB6 Pin=U34-142
Added Pin To Net: NetName=_PB7 Pin=U34-143
Added Pin To Net: NetName=_PB8 Pin=U34-144
Added Pin To Net: NetName=GND Pin=U34-145
Added Pin To Net: NetName=SHDN Pin=U34-146
Added Pin To Net: NetName=GND Pin=U34-147
Added Pin To Net: NetName=_PB10 Pin=U34-148
Added Pin To Net: NetName=_PB19 Pin=U34-149
Added Pin To Net: NetName=_PB18 Pin=U34-150
Added Pin To Net: NetName=_PB13 Pin=U34-151
Added Pin To Net: NetName=_PB16 Pin=U34-152
Added Pin To Net: NetName=_PB20 Pin=U34-153
Added Pin To Net: NetName=_PB15 Pin=U34-154
Added Pin To Net: NetName=_PB14 Pin=U34-155
Added Pin To Net: NetName=_PB9 Pin=U34-156
Added Pin To Net: NetName=_PB12 Pin=U34-157
Added Pin To Net: NetName=_PB11 Pin=U34-158
Added Pin To Net: NetName=_PB17 Pin=U34-159
Added Pin To Net: NetName=_PB21 Pin=U34-160
Added Pin To Net: NetName=GND Pin=U34-161
Added Pin To Net: NetName=VBAT Pin=U34-162
Added Pin To Net: NetName=MIPI_CK_P Pin=U34-163
Added Pin To Net: NetName=MIPI_CK_N Pin=U34-164
Added Pin To Net: NetName=MIPI_D1_P Pin=U34-165
Added Pin To Net: NetName=MIPI_D1_N Pin=U34-166
Added Pin To Net: NetName=MIPI_D0_P Pin=U34-167
Added Pin To Net: NetName=MIPI_D0_N Pin=U34-168
Added Pin To Net: NetName=GND Pin=U34-169
Added Pin To Net: NetName=VBAT Pin=U34-170
Added Pin To Net: NetName=VBAT Pin=U34-171
Added Pin To Net: NetName=VBAT Pin=U34-172
Added Pin To Net: NetName=VBAT Pin=U34-173
Added Pin To Net: NetName=_PA17 Pin=U34-174
Added Pin To Net: NetName=_PA20 Pin=U34-175
Added Pin To Net: NetName=_PA22 Pin=U34-176
Added Pin To Net: NetName=_PA18 Pin=U34-177
Added Pin To Net: NetName=_PA21 Pin=U34-178
Added Pin To Net: NetName=_PA16 Pin=U34-179
Added Pin To Net: NetName=_PA15 Pin=U34-180
Added Pin To Net: NetName=_PA25 Pin=U34-181
Added Pin To Net: NetName=_PA19 Pin=U34-182
Added Pin To Net: NetName=_PA24 Pin=U34-183
Added Pin To Net: NetName=_PA23 Pin=U34-184
Added Pin To Net: NetName=_PA26 Pin=U34-185
Added Pin To Net: NetName=_PA27 Pin=U34-186
Added Pin To Net: NetName=_PA28 Pin=U34-187
Added Pin To Net: NetName=_PA29 Pin=U34-188
Added Pin To Net: NetName=GND Pin=U34-189
Added Pin To Net: NetName=GND Pin=U34-190
Add Pin To Net: Unknown Pin: Pin U37-1
Add Pin To Net: Unknown Pin: Pin U37-2
Add Pin To Net: Unknown Pin: Pin U37-3
Add Pin To Net: Unknown Pin: Pin U37-4
Add Pin To Net: Unknown Pin: Pin U37-5
Add Pin To Net: Unknown Pin: Pin U37-6
Add Pin To Net: Unknown Pin: Pin U37-7
Add Pin To Net: Unknown Pin: Pin U37-8
Add Pin To Net: Unknown Pin: Pin U37-9
Add Pin To Net: Unknown Pin: Pin U37-10
Add Pin To Net: Unknown Pin: Pin U37-11
Add Pin To Net: Unknown Pin: Pin U37-12
Add Pin To Net: Unknown Pin: Pin U37-13
Add Pin To Net: Unknown Pin: Pin U37-14
Add Pin To Net: Unknown Pin: Pin U37-15
Add Pin To Net: Unknown Pin: Pin U37-16
Add Pin To Net: Unknown Pin: Pin U38-1
Add Pin To Net: Unknown Pin: Pin U38-2
Add Pin To Net: Unknown Pin: Pin U38-3
Add Pin To Net: Unknown Pin: Pin U38-4
Add Pin To Net: Unknown Pin: Pin U38-5
Add Pin To Net: Unknown Pin: Pin U38-6
Add Pin To Net: Unknown Pin: Pin U38-7
Add Pin To Net: Unknown Pin: Pin U38-8
Add Pin To Net: Unknown Pin: Pin XC1-1
Add Pin To Net: Unknown Pin: Pin XC1-2
Add Pin To Net: Unknown Pin: Pin XC1-3
Add Pin To Net: Unknown Pin: Pin XC2-1
Add Pin To Net: Unknown Pin: Pin XC2-2
Add Pin To Net: Unknown Pin: Pin XC2-3
Add Pin To Net: Unknown Pin: Pin XC2-4
Add Net: Net with name "PD18" already exists
Add Net: Net with name "PD19" already exists
Add Class Member: Failed to add class member : Component J19 0533981171
Added Member To Class: ClassName=09_MRAM_RTC_WDT Member=Component J? Header 2x1_2M
Add Class Member: Failed to add class member : Component U2 SAMV71Q21B
Add Class Member: Failed to add class member : Component U9 IC_SW_MAX14662ETI+T
Added Member To Class: ClassName=06_SOM Member=Component U34 SOM 190-Pins
Add Class Member: Failed to add class member : Component U37 SN3257QPWRQ1
Add Class Member: Failed to add class member : Component U38 IS66WVS8M8FBLL-104NLI
Add Class Member: Failed to add class member : Component XC1 Farnell order no:1539364
Add Class Member: Failed to add class member : Component XC2
